[debug] [2023-01-28T07:29:36.487Z] ----------------------------------------------------------------------
[debug] [2023-01-28T07:29:36.489Z] Command:       C:\Program Files\nodejs\node.exe C:\Users\Pushp\AppData\Roaming\npm\node_modules\firebase-tools\lib\bin\firebase.js login
[debug] [2023-01-28T07:29:36.490Z] CLI Version:   11.21.0
[debug] [2023-01-28T07:29:36.490Z] Platform:      win32
[debug] [2023-01-28T07:29:36.490Z] Node Version:  v18.12.1
[debug] [2023-01-28T07:29:36.491Z] Time:          Sat Jan 28 2023 12:59:36 GMT+0530 (India Standard Time)
[debug] [2023-01-28T07:29:36.491Z] ----------------------------------------------------------------------
[debug] 
[info] i  Firebase optionally collects CLI and Emulator Suite usage and error reporting information to help improve our products. Data is collected in accordance with Google's privacy policy (https://policies.google.com/privacy) and is not used to identify you.
 
[info] i  To change your data collection preference at any time, run `firebase logout` and log in again. 
[info] 
[info] Visit this URL on this device to log in:
[info] https://accounts.google.com/o/oauth2/auth?client_id=563584335869-fgrhgmd47bqnekij5i8b5pr03ho849e6.apps.googleusercontent.com&scope=email%20openid%20https%3A%2F%2Fwww.googleapis.com%2Fauth%2Fcloudplatformprojects.readonly%20https%3A%2F%2Fwww.googleapis.com%2Fauth%2Ffirebase%20https%3A%2F%2Fwww.googleapis.com%2Fauth%2Fcloud-platform&response_type=code&state=1008635720&redirect_uri=http%3A%2F%2Flocalhost%3A9005
[info] 
[info] Waiting for authentication...
[debug] [2023-01-28T07:29:41.981Z] Error: spawn cmd ENOENT
    at ChildProcess._handle.onexit (node:internal/child_process:283:19)
    at onErrorNT (node:internal/child_process:476:16)
    at process.processTicksAndRejections (node:internal/process/task_queues:82:21)
[error] 
[error] Error: An unexpected error has occurred.
[debug] [2023-01-28T07:37:19.194Z] ----------------------------------------------------------------------
[debug] [2023-01-28T07:37:19.195Z] Command:       C:\Program Files\nodejs\node.exe C:\Users\Pushp\AppData\Roaming\npm\node_modules\firebase-tools\lib\bin\firebase.js login
[debug] [2023-01-28T07:37:19.196Z] CLI Version:   11.21.0
[debug] [2023-01-28T07:37:19.196Z] Platform:      win32
[debug] [2023-01-28T07:37:19.196Z] Node Version:  v18.12.1
[debug] [2023-01-28T07:37:19.197Z] Time:          Sat Jan 28 2023 13:07:19 GMT+0530 (India Standard Time)
[debug] [2023-01-28T07:37:19.197Z] ----------------------------------------------------------------------
[debug] 
[info] i  Firebase optionally collects CLI and Emulator Suite usage and error reporting information to help improve our products. Data is collected in accordance with Google's privacy policy (https://policies.google.com/privacy) and is not used to identify you.
 
[info] i  To change your data collection preference at any time, run `firebase logout` and log in again. 
[info] 
[info] Visit this URL on this device to log in:
[info] https://accounts.google.com/o/oauth2/auth?client_id=563584335869-fgrhgmd47bqnekij5i8b5pr03ho849e6.apps.googleusercontent.com&scope=email%20openid%20https%3A%2F%2Fwww.googleapis.com%2Fauth%2Fcloudplatformprojects.readonly%20https%3A%2F%2Fwww.googleapis.com%2Fauth%2Ffirebase%20https%3A%2F%2Fwww.googleapis.com%2Fauth%2Fcloud-platform&response_type=code&state=726673497&redirect_uri=http%3A%2F%2Flocalhost%3A9005
[info] 
[info] Waiting for authentication...
[debug] [2023-01-28T07:37:23.465Z] Error: spawn cmd ENOENT
    at ChildProcess._handle.onexit (node:internal/child_process:283:19)
    at onErrorNT (node:internal/child_process:476:16)
    at process.processTicksAndRejections (node:internal/process/task_queues:82:21)
[error] 
[error] Error: An unexpected error has occurred.
[debug] [2023-01-29T12:33:27.290Z] ----------------------------------------------------------------------
[debug] [2023-01-29T12:33:27.292Z] Command:       C:\Program Files\nodejs\node.exe C:\Users\Pushp\AppData\Roaming\npm\node_modules\firebase-tools\lib\bin\firebase.js login
[debug] [2023-01-29T12:33:27.293Z] CLI Version:   11.21.0
[debug] [2023-01-29T12:33:27.294Z] Platform:      win32
[debug] [2023-01-29T12:33:27.294Z] Node Version:  v18.12.1
[debug] [2023-01-29T12:33:27.295Z] Time:          Sun Jan 29 2023 18:03:27 GMT+0530 (India Standard Time)
[debug] [2023-01-29T12:33:27.295Z] ----------------------------------------------------------------------
[debug] 
[info] i  Firebase optionally collects CLI and Emulator Suite usage and error reporting information to help improve our products. Data is collected in accordance with Google's privacy policy (https://policies.google.com/privacy) and is not used to identify you.
 
[info] i  To change your data collection preference at any time, run `firebase logout` and log in again. 
[info] 
[info] Visit this URL on this device to log in:
[info] https://accounts.google.com/o/oauth2/auth?client_id=563584335869-fgrhgmd47bqnekij5i8b5pr03ho849e6.apps.googleusercontent.com&scope=email%20openid%20https%3A%2F%2Fwww.googleapis.com%2Fauth%2Fcloudplatformprojects.readonly%20https%3A%2F%2Fwww.googleapis.com%2Fauth%2Ffirebase%20https%3A%2F%2Fwww.googleapis.com%2Fauth%2Fcloud-platform&response_type=code&state=953623573&redirect_uri=http%3A%2F%2Flocalhost%3A9005
[info] 
[info] Waiting for authentication...
[debug] [2023-01-29T12:33:28.548Z] Error: spawn cmd ENOENT
    at ChildProcess._handle.onexit (node:internal/child_process:283:19)
    at onErrorNT (node:internal/child_process:476:16)
    at process.processTicksAndRejections (node:internal/process/task_queues:82:21)
[error] 
[error] Error: An unexpected error has occurred.
